
% ladd
f=1000.000000;
p=2*3.14159265358979323j*f;
% Values:
E1=1;
c1=1;
y1=p*c1;
c10=1;
y10=p*c10;
c11=1;
y11=p*c11;
c12=1;
y12=p*c12;
c13=1;
y13=p*c13;
c14=1;
y14=p*c14;
c15=1;
y15=p*c15;
c16=1;
y16=p*c16;
c17=1;
y17=p*c17;
c18=1;
y18=p*c18;
c19=1;
y19=p*c19;
c2=1;
y2=p*c2;
c20=1;
y20=p*c20;
c21=1;
y21=p*c21;
c22=1;
y22=p*c22;
c23=1;
y23=p*c23;
c24=1;
y24=p*c24;
c25=1;
y25=p*c25;
c26=1;
y26=p*c26;
c27=1;
y27=p*c27;
c28=1;
y28=p*c28;
c29=1;
y29=p*c29;
c3=1;
y3=p*c3;
c30=1;
y30=p*c30;
c31=1;
y31=p*c31;
c32=1;
y32=p*c32;
c33=1;
y33=p*c33;
c34=1;
y34=p*c34;
c35=1;
y35=p*c35;
c36=1;
y36=p*c36;
c37=1;
y37=p*c37;
c38=1;
y38=p*c38;
c39=1;
y39=p*c39;
c4=1;
y4=p*c4;
c40=1;
y40=p*c40;
c5=1;
y5=p*c5;
c6=1;
y6=p*c6;
c7=1;
y7=p*c7;
c8=1;
y8=p*c8;
c9=1;
y9=p*c9;
g1=1;
g10=1;
g11=1;
g12=1;
g13=1;
g14=1;
g15=1;
g16=1;
g17=1;
g18=1;
g19=1;
g2=1;
g20=1;
g21=1;
g22=1;
g23=1;
g24=1;
g25=1;
g26=1;
g27=1;
g28=1;
g29=1;
g3=1;
g30=1;
g31=1;
g32=1;
g33=1;
g34=1;
g35=1;
g36=1;
g37=1;
g38=1;
g39=1;
g4=1;
g40=1;
g5=1;
g6=1;
g7=1;
g8=1;
g9=1;

%/R/=0,/g/=40,/C/=40,/L/=0,/G/=0,/K/=0,/B/=0,/H/=0,/N/=0,/M/=0,/Q/=0,/T/=0

detan= 
(((((g1+y1)*((g3+y2+g2))+g2*(g3+y2))*(g4*(y4*((g6+y5+g5))+g5*         
(g6+y5)))+(((g2+g1+y1))*(y2*((g3+y3))+y3*g3)+((g1+y1)*g2)*((g3+y3)))* 
((g4+y4)*((g6+y5+g5))+g5*(g6+y5)))*((y6*((g8+y7+g7))+g7*(g8+y7))*(g9* 
(y9*((g11+y10+g10))+g10*(g11+y10)))+(((g7+y6))*(y8*g8)+(y6*(          
(g7+y7))+y7*g7)*((g8+y8)))*(g10*((g9+y9+g11+y10))+(g11+y10)*          
(g9+y9)))+(g6*(((g1+y1)*((g3+y2+g2))+g2*(g3+y2))*(g4*(y4*(            
(g5+y5))+y5*g5))+(((g2+g1+y1))*(y2*((g3+y3))+y3*g3)+((g1+y1)*g2)*(    
(g3+y3)))*(y5*((g5+g4+y4))+(g4+y4)*g5)))*(((g7+y7)*((g9+y8+g8))+g8*   
(g9+y8))*(y9*((g11+y10+g10))+g10*(g11+y10))+(g9*(y8*((g8+g7+y7))+     
(g7+y7)*g8))*((g11+y10+g10))))*(((y11*((g13+y12+g12))+g12*(g13+y12))* 
(g14*(y14*((g16+y15+g15))+g15*(g16+y15)))+(((g12+y11))*(y13*g13)+     
(y11*((g12+y12))+y12*g12)*((g13+y13)))*((g14+y14)*(                   
(g16+y15+g15))+g15*(g16+y15)))*((y16*((g18+y17+g17))+g17*(g18+y17))*  
(g19*(y19*((g20+y20))+y20*g20))+(((g17+y16))*(y18*g18)+(y16*(         
(g17+y17))+y17*g17)*((g18+y18)))*(y20*((g20+g19+y19))+                
(g19+y19)*g20))+(g16*((y11*((g13+y12+g12))+g12*(g13+y12))*(g14*(y14*( 
(g15+y15))+y15*g15))+(((g12+y11))*(y13*g13)+(y11*(                    
(g12+y12))+y12*g12)*((g13+y13)))*(y15*((g15+g14+y14))+                
(g14+y14)*g15)))*(((g17+y17)*((g19+y18+g18))+g18*(g19+y18))*(y19*(    
(g20+y20))+y20*g20)+(g19*(y18*((g18+g17+y17))+(g17+y17)*g18))*(       
(g20+y20))))+(g11*(((y10*((g9+y9+g10))+g10*(g9+y9))*(g8*(y7*(         
(g7+g6+y6))+(g6+y6)*g7))+(((g10+y10))*(y8*g9)+(y10*(                  
(g10+y9))+y9*g10)*((g9+y8)))*((g6+y6)*((g8+y7+g7))+g7*(g8+y7)))*((    
(g1+y1)*((g3+y2+g2))+g2*(g3+y2))*(g4*(y4*((g5+y5))+y5*g5))+((         
(g2+g1+y1))*(y2*((g3+y3))+y3*g3)+((g1+y1)*g2)*((g3+y3)))*(y5*(        
(g5+g4+y4))+(g4+y4)*g5))+(g6*((y10*((g9+y9+g10))+g10*(g9+y9))*(g8*    
(y6*((g7+y7))+y7*g7))+(((g10+y10))*(y8*g9)+(y10*((g10+y9))+y9*g10)*(  
(g9+y8)))*(y6*((g8+y7+g7))+g7*(g8+y7))))*(((g1+y1)*((g3+y2+g2))+g2*   
(g3+y2))*(y3*((g5+y4+g4))+g4*(g5+y4))+(g3*(y2*((g2+g1+y1))+           
(g1+y1)*g2))*((g5+y4+g4)))))*((((g12+y12)*((g14+y13+g13))+g13*        
(g14+y13))*(y14*((g16+y15+g15))+g15*(g16+y15))+(g14*(y13*(            
(g13+g12+y12))+(g12+y12)*g13))*((g16+y15+g15)))*(g17*((y17*(          
(g19+y18+g18))+g18*(g19+y18))*(y19*((g20+y20))+y20*g20)+(g19*(y17*(   
(g18+y18))+y18*g18))*((g20+y20))))+(((g12+y12)*((g14+y13+g13))+g13*   
(g14+y13))*(g15*(y15*((g16+y16))+y16*g16))+(((g13+g12+y12))*(y13*(    
(g14+y14))+y14*g14)+((g12+y12)*g13)*((g14+y14)))*(y16*(               
(g16+g15+y15))+(g15+y15)*g16))*(((g17+y17)*((g19+y18+g18))+g18*       
(g19+y18))*(y19*((g20+y20))+y20*g20)+(g19*(y18*((g18+g17+y17))+       
(g17+y17)*g18))*((g20+y20)))))*(((((g21+y21)*((g34+y32+g32))+g32*     
(g34+y32))*(g35*(y35*((g37+y36+g36))+g36*(g37+y36)))+((               
(g32+g21+y21))*(y32*((g34+y34))+y34*g34)+((g21+y21)*g32)*(            
(g34+y34)))*((g35+y35)*((g37+y36+g36))+g36*(g37+y36)))*((y37*(        
(g39+y38+g38))+g38*(g39+y38))*(g40*(y40*((g23+y22+g22))+g22*          
(g23+y22)))+(((g38+y37))*(y39*g39)+(y37*((g38+y38))+y38*g38)*(        
(g39+y39)))*(g22*((g40+y40+g23+y22))+(g23+y22)*(g40+y40)))+(g37*((    
(g21+y21)*((g34+y32+g32))+g32*(g34+y32))*(g35*(y35*(                  
(g36+y36))+y36*g36))+(((g32+g21+y21))*(y32*((g34+y34))+y34*g34)+(     
(g21+y21)*g32)*((g34+y34)))*(y36*((g36+g35+y35))+(g35+y35)*g36)))*((  
(g38+y38)*((g40+y39+g39))+g39*(g40+y39))*(y40*((g23+y22+g22))+g22*    
(g23+y22))+(g40*(y39*((g39+g38+y38))+(g38+y38)*g39))*(                
(g23+y22+g22))))*(((y23*((g25+y24+g24))+g24*(g25+y24))*(g26*(y26*(    
(g28+y27+g27))+g27*(g28+y27)))+(((g24+y23))*(y25*g25)+(y23*(          
(g24+y24))+y24*g24)*((g25+y25)))*((g26+y26)*((g28+y27+g27))+g27*      
(g28+y27)))*((y28*((g30+y29+g29))+g29*(g30+y29))*(g31*(y31*(          
(g33+y33))+y33*g33))+(((g29+y28))*(y30*g30)+(y28*(                    
(g29+y29))+y29*g29)*((g30+y30)))*(y33*((g33+g31+y31))+                
(g31+y31)*g33))+(g28*((y23*((g25+y24+g24))+g24*(g25+y24))*(g26*(y26*( 
(g27+y27))+y27*g27))+(((g24+y23))*(y25*g25)+(y23*(                    
(g24+y24))+y24*g24)*((g25+y25)))*(y27*((g27+g26+y26))+                
(g26+y26)*g27)))*(((g29+y29)*((g31+y30+g30))+g30*(g31+y30))*(y31*(    
(g33+y33))+y33*g33)+(g31*(y30*((g30+g29+y29))+(g29+y29)*g30))*(       
(g33+y33))))+(g23*(((y22*((g40+y40+g22))+g22*(g40+y40))*(g39*(y38*(   
(g38+g37+y37))+(g37+y37)*g38))+(((g22+y22))*(y39*g40)+(y22*(          
(g22+y40))+y40*g22)*((g40+y39)))*((g37+y37)*((g39+y38+g38))+g38*      
(g39+y38)))*(((g21+y21)*((g34+y32+g32))+g32*(g34+y32))*(g35*(y35*(    
(g36+y36))+y36*g36))+(((g32+g21+y21))*(y32*((g34+y34))+y34*g34)+(     
(g21+y21)*g32)*((g34+y34)))*(y36*((g36+g35+y35))+(g35+y35)*g36))+     
(g37*((y22*((g40+y40+g22))+g22*(g40+y40))*(g39*(y37*(                 
(g38+y38))+y38*g38))+(((g22+y22))*(y39*g40)+(y22*(                    
(g22+y40))+y40*g22)*((g40+y39)))*(y37*((g39+y38+g38))+g38*            
(g39+y38))))*(((g21+y21)*((g34+y32+g32))+g32*(g34+y32))*(y34*(        
(g36+y35+g35))+g35*(g36+y35))+(g34*(y32*((g32+g21+y21))+              
(g21+y21)*g32))*((g36+y35+g35)))))*((((g24+y24)*((g26+y25+g25))+g25*  
(g26+y25))*(y26*((g28+y27+g27))+g27*(g28+y27))+(g26*(y25*(            
(g25+g24+y24))+(g24+y24)*g25))*((g28+y27+g27)))*(g29*((y29*(          
(g31+y30+g30))+g30*(g31+y30))*(y31*((g33+y33))+y33*g33)+(g31*(y29*(   
(g30+y30))+y30*g30))*((g33+y33))))+(((g24+y24)*((g26+y25+g25))+g25*   
(g26+y25))*(g27*(y27*((g28+y28))+y28*g28))+(((g25+g24+y24))*(y25*(    
(g26+y26))+y26*g26)+((g24+y24)*g25)*((g26+y26)))*(y28*(               
(g28+g27+y27))+(g27+y27)*g28))*(((g29+y29)*((g31+y30+g30))+g30*       
(g31+y30))*(y31*((g33+y33))+y33*g33)+(g31*(y30*((g30+g29+y29))+       
(g29+y29)*g30))*((g33+y33)))))+(g1*((((y1*((g3+y2+g2))+g2*(g3+y2))*   
(g4*(y4*((g6+y5+g5))+g5*(g6+y5)))+(((g2+y1))*(y3*g3)+(y1*(            
(g2+y2))+y2*g2)*((g3+y3)))*((g4+y4)*((g6+y5+g5))+g5*(g6+y5)))*((y6*(  
(g8+y7+g7))+g7*(g8+y7))*(g9*(y9*((g11+y10+g10))+g10*(g11+y10)))+((    
(g7+y6))*(y8*g8)+(y6*((g7+y7))+y7*g7)*((g8+y8)))*(g10*(               
(g9+y9+g11+y10))+(g11+y10)*(g9+y9)))+(g6*((y1*((g3+y2+g2))+g2*        
(g3+y2))*(g4*(y4*((g5+y5))+y5*g5))+(((g2+y1))*(y3*g3)+(y1*(           
(g2+y2))+y2*g2)*((g3+y3)))*(y5*((g5+g4+y4))+(g4+y4)*g5)))*(((g7+y7)*( 
(g9+y8+g8))+g8*(g9+y8))*(y9*((g11+y10+g10))+g10*(g11+y10))+(g9*(y8*(  
(g8+g7+y7))+(g7+y7)*g8))*((g11+y10+g10))))*(((y11*(                   
(g13+y12+g12))+g12*(g13+y12))*(g14*(y14*((g16+y15+g15))+g15*          
(g16+y15)))+(((g12+y11))*(y13*g13)+(y11*((g12+y12))+y12*g12)*(        
(g13+y13)))*((g14+y14)*((g16+y15+g15))+g15*(g16+y15)))*((y16*(        
(g18+y17+g17))+g17*(g18+y17))*(g19*(y19*((g20+y20))+y20*g20))+((      
(g17+y16))*(y18*g18)+(y16*((g17+y17))+y17*g17)*((g18+y18)))*(y20*(    
(g20+g19+y19))+(g19+y19)*g20))+(g16*((y11*((g13+y12+g12))+g12*        
(g13+y12))*(g14*(y14*((g15+y15))+y15*g15))+(((g12+y11))*(y13*g13)+    
(y11*((g12+y12))+y12*g12)*((g13+y13)))*(y15*((g15+g14+y14))+          
(g14+y14)*g15)))*(((g17+y17)*((g19+y18+g18))+g18*(g19+y18))*(y19*(    
(g20+y20))+y20*g20)+(g19*(y18*((g18+g17+y17))+(g17+y17)*g18))*(       
(g20+y20))))+(g11*(((y1*((g3+y2+g2))+g2*(g3+y2))*(g4*(y4*(            
(g6+y5+g5))+g5*(g6+y5)))+(((g2+y1))*(y3*g3)+(y1*((g2+y2))+y2*g2)*(    
(g3+y3)))*((g4+y4)*((g6+y5+g5))+g5*(g6+y5)))*((y10*((g9+y9+g10))+g10* 
(g9+y9))*(g8*(y6*((g7+y7))+y7*g7))+(((g10+y10))*(y8*g9)+(y10*(        
(g10+y9))+y9*g10)*((g9+y8)))*(y6*((g8+y7+g7))+g7*(g8+y7)))+(g6*((y1*( 
(g3+y2+g2))+g2*(g3+y2))*(g4*(y4*((g5+y5))+y5*g5))+(((g2+y1))*(y3*g3)+ 
(y1*((g2+y2))+y2*g2)*((g3+y3)))*(y5*((g5+g4+y4))+(g4+y4)*g5)))*((y10* 
((g9+y9+g10))+g10*(g9+y9))*(y8*((g8+g7+y7))+(g7+y7)*g8)+(g9*(y10*(    
(g10+y9))+y9*g10))*((g8+g7+y7)))))*((((g12+y12)*((g14+y13+g13))+g13*  
(g14+y13))*(y14*((g16+y15+g15))+g15*(g16+y15))+(g14*(y13*(            
(g13+g12+y12))+(g12+y12)*g13))*((g16+y15+g15)))*(g17*((y17*(          
(g19+y18+g18))+g18*(g19+y18))*(y19*((g20+y20))+y20*g20)+(g19*(y17*(   
(g18+y18))+y18*g18))*((g20+y20))))+(((g12+y12)*((g14+y13+g13))+g13*   
(g14+y13))*(g15*(y15*((g16+y16))+y16*g16))+(((g13+g12+y12))*(y13*(    
(g14+y14))+y14*g14)+((g12+y12)*g13)*((g14+y14)))*(y16*(               
(g16+g15+y15))+(g15+y15)*g16))*(((g17+y17)*((g19+y18+g18))+g18*       
(g19+y18))*(y19*((g20+y20))+y20*g20)+(g19*(y18*((g18+g17+y17))+       
(g17+y17)*g18))*((g20+y20))))))*(((((g21+y21)*((g34+y32+g32))+g32*    
(g34+y32))*(y34*((g36+y35+g35))+g35*(g36+y35))+(g34*(y32*(            
(g32+g21+y21))+(g21+y21)*g32))*((g36+y35+g35)))*(g37*((y37*(          
(g39+y38+g38))+g38*(g39+y38))*(y39*((g40+g22+y40))+(g22+y40)*g40)+    
(g39*(y37*((g38+y38))+y38*g38))*((g40+g22+y40))))+(((g21+y21)*(       
(g34+y32+g32))+g32*(g34+y32))*(g35*(y35*((g36+y36))+y36*g36))+((      
(g32+g21+y21))*(y32*((g34+y34))+y34*g34)+((g21+y21)*g32)*(            
(g34+y34)))*(y36*((g36+g35+y35))+(g35+y35)*g36))*(((g37+y37)*(        
(g39+y38+g38))+g38*(g39+y38))*(y39*((g40+g22+y40))+(g22+y40)*g40)+    
(g39*(y38*((g38+g37+y37))+(g37+y37)*g38))*((g40+g22+y40))))*(((y22*(  
(g24+y23+g23))+g23*(g24+y23))*(g25*(y25*((g27+y26+g26))+g26*          
(g27+y26)))+(((g23+y22))*(y24*g24)+(y22*((g23+y23))+y23*g23)*(        
(g24+y24)))*((g25+y25)*((g27+y26+g26))+g26*(g27+y26)))*((y27*(        
(g29+y28+g28))+g28*(g29+y28))*(g30*(y30*((g33+y31+g31))+g31*          
(g33+y31)))+(((g28+y27))*(y29*g29)+(y27*((g28+y28))+y28*g28)*(        
(g29+y29)))*((g30+y30)*((g33+y31+g31))+g31*(g33+y31)))+(g27*((y22*(   
(g24+y23+g23))+g23*(g24+y23))*(g25*(y25*((g26+y26))+y26*g26))+((      
(g23+y22))*(y24*g24)+(y22*((g23+y23))+y23*g23)*((g24+y24)))*(y26*(    
(g26+g25+y25))+(g25+y25)*g26)))*(((g28+y28)*((g30+y29+g29))+g29*      
(g30+y29))*(y30*((g33+y31+g31))+g31*(g33+y31))+(g30*(y29*(            
(g29+g28+y28))+(g28+y28)*g29))*((g33+y31+g31))))+(g22*((((g21+y21)*(  
(g34+y32+g32))+g32*(g34+y32))*(y34*((g36+y35+g35))+g35*(g36+y35))+    
(g34*(y32*((g32+g21+y21))+(g21+y21)*g32))*((g36+y35+g35)))*(g37*(     
(y37*((g39+y38+g38))+g38*(g39+y38))*(y39*((g40+y40))+y40*g40)+(g39*   
(y37*((g38+y38))+y38*g38))*((g40+y40))))+(((g21+y21)*(                
(g34+y32+g32))+g32*(g34+y32))*(g35*(y35*((g36+y36))+y36*g36))+((      
(g32+g21+y21))*(y32*((g34+y34))+y34*g34)+((g21+y21)*g32)*(            
(g34+y34)))*(y36*((g36+g35+y35))+(g35+y35)*g36))*(((g37+y37)*(        
(g39+y38+g38))+g38*(g39+y38))*(y39*((g40+y40))+y40*g40)+(g39*(y38*(   
(g38+g37+y37))+(g37+y37)*g38))*((g40+y40)))))*((((g23+y23)*(          
(g25+y24+g24))+g24*(g25+y24))*(y25*((g27+y26+g26))+g26*(g27+y26))+    
(g25*(y24*((g24+g23+y23))+(g23+y23)*g24))*((g27+y26+g26)))*(g28*(     
(y28*((g30+y29+g29))+g29*(g30+y29))*(y30*((g33+y31+g31))+g31*         
(g33+y31))+(g30*(y28*((g29+y29))+y29*g29))*((g33+y31+g31))))+((       
(g23+y23)*((g25+y24+g24))+g24*(g25+y24))*(g26*(y26*(                  
(g27+y27))+y27*g27))+(((g24+g23+y23))*(y24*((g25+y25))+y25*g25)+(     
(g23+y23)*g24)*((g25+y25)))*(y27*((g27+g26+y26))+(g26+y26)*g27))*((   
(g28+y28)*((g30+y29+g29))+g29*(g30+y29))*(y30*((g33+y31+g31))+g31*    
(g33+y31))+(g30*(y29*((g29+g28+y28))+(g28+y28)*g29))*((g33+y31+g31)))));

% Length of expression = 9802 characters

% END
% .total                                                                      
