%(((((((((((((((g6(((g19y2+(((((((((((((((((((((((g6*(((g19+y2+g80)*(00
(g25+g5)*((B2I2+1)))+(g8*(g19+y2))*((B2I2+1)))+(g((((g8+g19+y2)* 
 0(g19+y2+g8))*((g25+g5)*((B2I2+1)))+(g8*(g19+y2))*((B2I2+1)))+         

2I2+1))+(g26+g13)*((B2I2+1)))+(g17+g9)*(  0
(g26g13+g2))g21*(26+g13)))(((((((((((((((((((((((g6*(((g19+y2+g8))*(  0
(g25+g5)*((B2I2+1)))+(g8*(g19+y2))*((B2I2+1)))+(g25+g5)*(g19+y2)*g8*( 
( 
8*(g19+y2))*((B2I2+1)))+ 

   
  
  
g13)0*(  
(g10+g27)*((B3I3+1))+(g19+g8))+(g21*((B2I2+1))+(g26+g13)*((B2I2+1)0)* 
(g8*((g10+g27)*((B3I3+1))+g19)))+(g6*(g4*((g25+g7+g5))+g5*(g25+g7))0* 
((g26*((B2I2+1)))*((g10+g27)*((B3I3+1))+(g19+g8))+((B2I2+1))*(      0 
(g21+g13)*((g10+g27)*((B3I3+1))+(g19+g8))))))*(y1*g3*(B1I1+1))+(g24*(0
(g5g4))*((g7+g))*(((((((((((((((((g6*(((g19+y2+g8))*((g25+g5)*(      


 

 




 





  0
((g6*(((g19+y2+g8))*((g25+g5)*((B2I2+1)))+(g8*(g19+y2))*((B2I2+1)))+ 

   
  
  
*( 
( 
7))+(g6*g7)*((g26*g21*07I7*     
(-B2I2-1))*(B3I3+1)+(g21*((B2I2+1))+(g26+g13)*((B2I2+1)))*(g10*       
(B3I3+1)+g8)))+(g4*((g25+g5))+g5*g25)*((g26*(g21*(g9*         0       
(-B3I3*B7I7-B7I7)+g10*(B3I3+1))+g9*(g10*(B3I3+1))+g10*g17*     0      
(B3I3+1))+g9*(g10*(((g21+g13))*(B3I3+1)))+g10*((g13*(           0     
(g21+g17))+g17*g21)*(B3I3+1)))+(-g9*(g26+g13+g21))*(-g8)+(g10*   0    
(g26+g13+g21)*(B3I3+1))*((g8+g6)*((B2I2+1))))))*(y1*g3*(-B1I1-1))+0   
(g24*(((g5+g4))*(((g7+g6))*(g8*(g10*(g21*((B2I2+1))+(g26+g13)*(    0  
(B2I2+1)))+g9*(((g26+g13+g21))*(B2I2+1)))+g10*((g17+g9)*(           0 
(g26+g13+g21))+g21*(g26+g13)))+(g6*g7)*((g10+g8)*(g21*((B2I2+1))+    0
(26+g13*(B2I2+)))))+g4*(((((((((((((((((((((g6*(((g19+y2+g8))*(       0
(g25+g5)*((B2I2+1)))+(g8*(g19+y2))*((B2I2+1)))+(g25+g5)*(g19+y2)*g8*( 
8*(g19+y2))*((B2I2+1)))+ 

   
  
  
*( 
( 
*(g26+g13)))))*((y2*   0 
(g23+g15+g3))+(y2)*((g2+y1)*((B1I1+1))))+(g24*(((g5+g4))*(((g7+g6))* 0(g8*(((g10+g9))*(g21+(((g5+g4))*(g6*((g26*g21*B7I7*(g24*((            
6)0)*(-          
(-B3I3-1))+((g24*(g26+g13)*B6I6)*((B2I2+1))+(g24*B6I6)*(021*(         
(B2I2+1))))*(-g8))))*(y1*g3*(g15*(-1)+B1I1*g23))+((g4*(  0            
(g25+g7+g6+g5))+g5*(g25+g7+g6))*((g26*g21*B7I7*(-B2I2-1))*0g8*        
(-B3I3-1))+((g17+g9)*((g26+g13+g21))+g21*(g26+g13))*((g10+g07)*(      
(B3I3+1))+(g19+g8))+(g21*((B2I2+1))+(g26+g13)*((B2I2+1)))*(g0*(       
(g10+g27)*((B3I3+1))+g19)))+(g6*(g4*((g25+g7+g5))+g5*(g25+g7)0)*(     
(g26*((B2I2+1)))*((g10+g27)*((B3I3+1))+(g19+g8))+((B2I2+1))*( 0       
(g21+g13)*((g10+g27)*((B3I3+1))+(g19+g8)))))*(y1*g3*(g12*      0      
(B1I1+1)+g15))+(((g5+g4))*(((g7+g6))*((g8*(g9*(1)+g10*(((B2I2+1)0*    
(B3I3+1)))+g9*(g10*(B3I3+1))+g10*g17*(B3I3+1))*((g26+g13+g21))+(g00*  
(B3I3+1))*(g21*(g26+g13))+(g9*(-B3I3-1))*(g21*g26*B7I7))+(g6*g7)*(0   
(g26*g21*B7I7*(-B2I2-1))*(B3I3+1)+(g21*((B2I2+1))+(g26+g13)*(      0  
(B2I2+1)))*(g10*(B3I3+1)+g8)))+(g4*((g25+g5))+g5*g25)*((g26*(g21*(g90 
(-B3I3*B7I7-B7I7)+g10*(B3I3+1))+g9*(g10*(B3I3+1))+g10*g17*           0
(3I3+1)+g9((((((((((g6*(((g19+y2+g8))*((g25+g5)*((B2I2+1)))+(g8*     


 





  0
((g6*(((g19+y2+g8))*((g25+g5)*((B2I2+1)))+(g8*(g19+y2))*((B2I2+1)))+ 

   
  
  
 

*    
))*0 
(-(g19+y2+g8)*(g27+g10))*(g21*(1)+(g26+g13)*((B4I4+1)))))+(g4*(      0(g25+g5))+g5*g25)*(((g9*g10)*(g21*(1)+g13*((B4I4+1))+g26*(B4I4*(      
((g7+g6)0*(    
(-g21*(g9*((g27+g10))+g10*g27))+(g10*((g8*(B2I2+1))*(-B4I4)+(-1)0(g9* 
(B4I4))))*(g26*B7I7)+((-((B4I4+1)))*(g9*((g27+g10))+g10*g27))*(  0    
(g26+g13)))+(g6*g7)*(-((g21*(1)+(g26+g13)*((B4I4+1)))*((g27+g10))+0   
(g26*B7I7*(B4I4*(-B2I2-1)))*(-g10))))+(g4*((g25+g5))+g5*g25)*((    0  
(g26*B7I7*(-B4I4))*(-g9*g10)+(g21*(1)+(g26+g13)*((B4I4+1)))*(g10*   0 
(g9+g7)))*(-1)+((g10*(-B4I4))*(g26*B7I7))*(g8*(B2I2+1)))))*(g12*(    0
(B5I5+1))+g15*((B5I5+1)))+(g5*(((-g24*B6I6*(g26+g13))*(g10*(g7*(      0(B4I4+1))+g9*((B4I4+1))))+(g24*g26*B6I6*B7I7)*(-g10*g9*(B4I4))+       
*(g6*      0      
(g26+g13+g21))+(g10)*(g17*((g26+g13+g21))+g21*(g26+g13))))*(g3*(02*(  
(g15+g12)))+y2*((g2+y1)*(g12*((B1I1+1))+g15)+g12*(               0    
(g23+g15))+g15*g23))+(((g5+g4))*(((g7+g6))*(g8*(((g10+g9))*(g21*( 0   
(B2I2+1))+(g26+g13)*((B2I2+1))))+((g10+g9))*(g17*((g26+g13+g21))+g20* 
(g26+g13))+(g9*g10)*((g26+g13+(g10*(g8*(-B2I2-1)+(g19+y2)*(-B2I2-1))0*  
(g26*B7I7*(B4I4)))*(g6*B6I6)+(((g19+y2+g8)*(g27+g10))*(g21*(1)+    0 
(g26+g13)*((B4I4+1))))*(g7*B6I6))))*(y1*(B1I1*((B5I5+1))))+(y2*((    0
(g5+g4))*(-((g7*(g24*((-B6I6)*((g27+g10)*(g13*((B4I4+1))+g21)))))+    0(g24*B6I6*((g10*(-B4I4))*(g26*B7I7)))*(g6*(-B2I2-1))))+(g4*(          
*(g6*            
(1)0  
(g26+g13)*((B4I4+1)))+(g10*((g8*(-B2I2-1)-g9)*((g25+g5+g6+g7))+(-   0 
(-B2I2-1))*(-g6*g7)))*(g26*B7I7*(B4I4))+(g8*(g6*(-g10*((B2I2+1)))+(  0
(g25+g5+g7))*(-g10*((B2I2+1)))+(g7*(g25+g5))*(-((B2I2+1))))-(g6*(g9*  0(g10*(1)+(g25+g5)*((B2I2+1)))+((g10+g7))*((g25+g5)*((B2I2+1)))+       
      
5))+g15*g23))))+g20*(g22*((y2*024*(( 
(g5+g4))*(((g7+g6))*((-g21*(g9*((g27+g10))+g10*g27))+(g10*((g8* 0     
(B2I2+1))*(-B4I4)+(-1)*(g9*(B4I4))))*(g26*B7I7)+((-((B4I4+1)))*(g0*(  
(g27+g10))+g10*g27))*((g26+g13)))+(g6*g7)*(-((g21*(1)+(g26+g13)*( 0   
(B4I4+1)))*((g27+g10))+(g26*B7I7*(B4I4*(-B2I2-1)))*(-g10))))+(g4*( 0  
(g25+g5))+g5*g25)*(((g26*B7I7*(-B4I4))*(-g9*g10)+(g21*(1)+(g26+g13)*0 
(B4I4+1)))*(g10*(g9+g7)))*(-1)+((g10*(-B4I4))*(g26*B7I7))*(g8*       0
(B2I2+1)))))*((B5I5+1))+(g24*(((g5+g4))*(((g7+g6))*(((g9*(g27+g10))* 

