
% .AC LOG 5 1000 
E1=1;
c1=1;
y1=p*c1;
c2=1;
y2=p*c2;
c3=1;
y3=p*c3;
c4=1;
y4=p*c4;
c5=1;
y5=p*c5;
c6=1;
y6=p*c6;
c7=1;
y7=p*c7;
g1=1;
g2=1;
g3=1;
g4=1;
g5=1;
g6=1;
g7=1;

%/R/=0,/g/=7,/C/=7,/L/=0,/G/=0,/K/=0,/B/=0,/H/=0,/N/=0,/M/=0,/Q/=0,/T/=0

% Input: E1 (0,7), output: U2 (6,0)

U2 = E1*
(
g1*g7*((((g4+y4))*(y5*g5)+(y4*((g4+g2+y2))+(g2+y2)*g4)*((g5+y5)))*    
(g3*(g6+y6)))
)
/
(
(((g4+y4))*(y5*g5)+(y4*((g4+g2+y2))+(g2+y2)*g4)*((g5+y5)))*(g3*((     
(g6+y6))*(y3*((g7+y7))+y7*g7)+(y6*g6)*((g7+y7))))+(((g4+y4))*((       
(g1+y1+y5))*(g2*g5)+(y5*(g1+y1))*((g5+g2)))+(y2*((g4+y4))+y4*g4)*(    
(g1+y1+g2)*(g5+y5)))*(((g6+y6))*(y7*g7)+(y6*((g6+g3+y3))+(g3+y3)*g6)* 
((g7+y7)))
);

% Length of expression = 352 characters

% END
% .total                                                                      
