
% баттерворд.dag 
f=1000.000000;
p=2*3.14159265358979323j*f;
% Values:
E1=1;
c1=1;
y1=p*c1;
c10=1;
y10=p*c10;
c11=1;
y11=p*c11;
c12=1;
y12=p*c12;
c13=1;
y13=p*c13;
c14=1;
y14=p*c14;
c15=1;
y15=p*c15;
c16=1;
y16=p*c16;
c17=1;
y17=p*c17;
c18=1;
y18=p*c18;
c19=1;
y19=p*c19;
c2=1;
y2=p*c2;
c20=1;
y20=p*c20;
c3=1;
y3=p*c3;
c4=1;
y4=p*c4;
c5=1;
y5=p*c5;
c6=1;
y6=p*c6;
c7=1;
y7=p*c7;
c8=1;
y8=p*c8;
c9=1;
y9=p*c9;
g1=1;
g10=1;
g11=1;
g12=1;
g13=1;
g14=1;
g15=1;
g16=1;
g17=1;
g18=1;
g19=1;
g2=1;
g20=1;
g3=1;
g4=1;
g5=1;
g6=1;
g7=1;
g8=1;
g9=1;

%/R/=0,/g/=20,/C/=20,/L/=0,/G/=0,/K/=0,/B/=0,/H/=0,/N/=0,/M/=0,/Q/=0,/T/=0

% Input: E1 (0,1), output: U1 (21,0)

U1 = E1*
(
g1*g2*g20*g19*g18*g17*g16*g15*g14*g13*g12*g11*g10*g3*g4*g5*g6*g7*g8*g9
)
/
(
((((g1+y1)*((g3+y2+g2))+g2*(g3+y2))*(g4*(y4*((g6+y5+g5))+g5*          
(g6+y5)))+(((g2+g1+y1))*(y2*((g3+y3))+y3*g3)+((g1+y1)*g2)*((g3+y3)))* 
((g4+y4)*((g6+y5+g5))+g5*(g6+y5)))*((y6*((g8+y7+g7))+g7*(g8+y7))*(g9* 
(y9*((g11+y10+g10))+g10*(g11+y10)))+(((g7+y6))*(y8*g8)+(y6*(          
(g7+y7))+y7*g7)*((g8+y8)))*(g10*((g9+y9+g11+y10))+(g11+y10)*          
(g9+y9)))+(g6*(((g1+y1)*((g3+y2+g2))+g2*(g3+y2))*(g4*(y4*(            
(g5+y5))+y5*g5))+(((g2+g1+y1))*(y2*((g3+y3))+y3*g3)+((g1+y1)*g2)*(    
(g3+y3)))*(y5*((g5+g4+y4))+(g4+y4)*g5)))*(((g7+y7)*((g9+y8+g8))+g8*   
(g9+y8))*(y9*((g11+y10+g10))+g10*(g11+y10))+(g9*(y8*((g8+g7+y7))+     
(g7+y7)*g8))*((g11+y10+g10))))*(((y11*((g13+y12+g12))+g12*(g13+y12))* 
(g14*(y14*((g16+y15+g15))+g15*(g16+y15)))+(((g12+y11))*(y13*g13)+     
(y11*((g12+y12))+y12*g12)*((g13+y13)))*((g14+y14)*(                   
(g16+y15+g15))+g15*(g16+y15)))*((y16*((g18+y17+g17))+g17*(g18+y17))*  
(g19*(y19*((g20+y20))+y20*g20))+(((g17+y16))*(y18*g18)+(y16*(         
(g17+y17))+y17*g17)*((g18+y18)))*(y20*((g20+g19+y19))+                
(g19+y19)*g20))+(g16*((y11*((g13+y12+g12))+g12*(g13+y12))*(g14*(y14*( 
(g15+y15))+y15*g15))+(((g12+y11))*(y13*g13)+(y11*(                    
(g12+y12))+y12*g12)*((g13+y13)))*(y15*((g15+g14+y14))+                
(g14+y14)*g15)))*(((g17+y17)*((g19+y18+g18))+g18*(g19+y18))*(y19*(    
(g20+y20))+y20*g20)+(g19*(y18*((g18+g17+y17))+(g17+y17)*g18))*(       
(g20+y20))))+(g11*(((y10*((g9+y9+g10))+g10*(g9+y9))*(g8*(y7*(         
(g7+g6+y6))+(g6+y6)*g7))+(((g10+y10))*(y8*g9)+(y10*(                  
(g10+y9))+y9*g10)*((g9+y8)))*((g6+y6)*((g8+y7+g7))+g7*(g8+y7)))*((    
(g1+y1)*((g3+y2+g2))+g2*(g3+y2))*(g4*(y4*((g5+y5))+y5*g5))+((         
(g2+g1+y1))*(y2*((g3+y3))+y3*g3)+((g1+y1)*g2)*((g3+y3)))*(y5*(        
(g5+g4+y4))+(g4+y4)*g5))+(g6*((y10*((g9+y9+g10))+g10*(g9+y9))*(g8*    
(y6*((g7+y7))+y7*g7))+(((g10+y10))*(y8*g9)+(y10*((g10+y9))+y9*g10)*(  
(g9+y8)))*(y6*((g8+y7+g7))+g7*(g8+y7))))*(((g1+y1)*((g3+y2+g2))+g2*   
(g3+y2))*(y3*((g5+y4+g4))+g4*(g5+y4))+(g3*(y2*((g2+g1+y1))+           
(g1+y1)*g2))*((g5+y4+g4)))))*((((g12+y12)*((g14+y13+g13))+g13*        
(g14+y13))*(y14*((g16+y15+g15))+g15*(g16+y15))+(g14*(y13*(            
(g13+g12+y12))+(g12+y12)*g13))*((g16+y15+g15)))*(g17*((y17*(          
(g19+y18+g18))+g18*(g19+y18))*(y19*((g20+y20))+y20*g20)+(g19*(y17*(   
(g18+y18))+y18*g18))*((g20+y20))))+(((g12+y12)*((g14+y13+g13))+g13*   
(g14+y13))*(g15*(y15*((g16+y16))+y16*g16))+(((g13+g12+y12))*(y13*(    
(g14+y14))+y14*g14)+((g12+y12)*g13)*((g14+y14)))*(y16*(               
(g16+g15+y15))+(g15+y15)*g16))*(((g17+y17)*((g19+y18+g18))+g18*       
(g19+y18))*(y19*((g20+y20))+y20*g20)+(g19*(y18*((g18+g17+y17))+       
(g17+y17)*g18))*((g20+y20))))
);

% Length of expression = 2466 characters

% END
% .total                                                                      
