% транзистор.dag



f=1000.000000;
p=2*3.14159265358979323j*f;
% Values:
B1I1=1;
B2I2=1;
E1=1;
R1=1;
R2=1;
R3=1;
R4=1;
R5=1;
R6=1;

%/R/=6,/g/=0,/C/=0,/L/=0,/G/=0,/K/=0,/B/=2,/H/=0,/N/=0,/M/=0,/Q/=0,/T/=0

% Input: E1 (0,1), output: U1 (1,4)

U1 = E1*
(
R6*(R2*(R3*(B1I1*(B2I2+1)+1)+R4*(B1I1+1))+R3*R1*B2I2*B1I1)
)
/
(
R2*(R6*(R3*(B1I1*(B2I2+1)+1)+R4*(B1I1+1))+(R1*(B1I1+1)+R5)*(          
(R3+R4)))+R5*(R1*((R3+R4))+(R3+R4)*R6)
);

% Length of expression = 156 characters

% END

% TOTAL                                                                      
