% румыны.dag



f=1000.000000;
p=2*3.14159265358979323j*f;
% Values:
E1=1;
L3=1;
Z3=p*L3;
L4=1;
Z4=p*L4;
L5=1;
Z5=p*L5;
L6=1;
Z6=p*L6;
R1=1;
R2=1;
R3=1;
R4=1;
R5=1;
R6=1;
c1=1;
y1=p*c1;
c2=1;
y2=p*c2;
c3=1;
y3=p*c3;
c4=1;
y4=p*c4;
c5=1;
y5=p*c5;
c6=1;
y6=p*c6;

%/R/=6,/g/=0,/C/=6,/L/=4,/G/=0,/K/=0,/B/=0,/H/=0,/N/=0,/M/=0,/Q/=0,/T/=0


I1 = 
(
y2*(E1)*((y4*(y3*((Z3+R3)*(Z4+R4))+(Z3+R3+Z4+R4))+y3*((Z3+R3))+1)*    
(y5*(y6*((Z6+R6))+1)+y6)+((y1*((Z3+R3))+1)*(y4)+(y1*(y3*(             
(Z3+R3))+1)+y3)*(y4*((Z4+R4))+1))*(y6*(y5*((Z5+R5)*(Z6+R6))+          
(Z5+R5+Z6+R6))+y5*((Z5+R5))+1))
)
/
(
y2*((R1*(y4*(y3*((Z3+R3)*(Z4+R4))+(Z3+R3+Z4+R4))+y3*((Z3+R3))+1))*(   
(y1*((Z5+R5))+1)*(y6)+(y1*(y5*((Z5+R5))+1)+y5)*(y6*((Z6+R6))+1))+(y4* 
(y3*((Z3+R3+R1)*(Z4+R4))+(Z3+R3+R1+Z4+R4))+y3*((Z3+R3+R1))+1)*(y6*    
(y5*((Z5+R5)*(Z6+R6))+(Z5+R5+Z6+R6))+y5*((Z5+R5))+1))
);

U1 = 
(
y2*(E1)*((y4*(y3*((Z3+R3)*(Z4+R4))+(Z3+R3+Z4+R4))+y3*((Z3+R3))+1)*    
(y6*(y5*((Z5+R5)*(Z6+R6))+(Z5+R5+Z6+R6))+y5*((Z5+R5))+1))
)
/
(
y2*((R1*(y4*(y3*((Z3+R3)*(Z4+R4))+(Z3+R3+Z4+R4))+y3*((Z3+R3))+1))*(   
(y1*((Z5+R5))+1)*(y6)+(y1*(y5*((Z5+R5))+1)+y5)*(y6*((Z6+R6))+1))+(y4* 
(y3*((Z3+R3+R1)*(Z4+R4))+(Z3+R3+R1+Z4+R4))+y3*((Z3+R3+R1))+1)*(y6*    
(y5*((Z5+R5)*(Z6+R6))+(Z5+R5+Z6+R6))+y5*((Z5+R5))+1))
);

% Length of expression = 847 characters

% END

% TOTAL                                                                      
