% румыны.dag



f=1000.000000;
p=2*3.14159265358979323j*f;
% Values:
E1=1;
R10=16000;
R11=100000;
R12=16000;
R13=123000;
R14=16000;
R15=100000;
R16=16000;
R17=15200;
R18=100000;
R21=100000;
R22=100000;
R23=39000;
c5=1e-09;
y5=p*c5;
c6=1e-09;
y6=p*c6;
c7=1e-09;
y7=p*c7;
c8=1e-09;
y8=p*c8;

%/R/=12,/g/=0,/C/=4,/L/=0,/G/=0,/K/=0,/B/=0,/H/=0,/N/=4,/M/=0,/Q/=0,/T/=0

% Input: E1 (0,11), output: U1 (7,0)

U1 = E1*
(
R21*R23*((R11+R13)*((R15+R17)))
)
/
(
R18*R22*((y5*(R12*(y6*(-R10*R11)+R13))-R11*(y6*((R10+R12))+1))*(y7*   
(R16*(y8*(-R14*R15)+R17))-R15*(y8*((R14+R16))+1)))
);

% Length of expression = 148 characters

% END

