0000000904)(000000000000000000000007*((0((g38+04+g47+y27+08))*+(((y28*))*(((((g37+g35+g32))*(g39*y14)+(      
(g35+g32)*g37)*((g39+y14)))*(g34*y36*(-G8+(g51+y35)))+(g32*((         
(g37+g35))*(g39*y14)+(g35*g37)*((g39+y14))))*(-y36*G8+g34*(           
(g51+y35+y36))+(g51+y35)*y36))*((((g40+g29+y15))*(g41*(g42+y16))+(    
(g40+g29)*y15)*((g42+y16+g41)))*(g33*y38*(-G9+(g52+y37)))+(g29*((     
(g40+y15))*(g41*(g42+y16))+(g40*y15)*((g42+y16+g41))))*(-y38*G9+g33*( 
(g52+y37+y38))+(g52+y37)*y38))+(g32*((g34*(((g37+g35))*(g39*y14)+     
(g35*g37)*((g39+y14))))*(y36*(-G8+(g51+y35)))))*((((g40+g33+y15))*    
(g41*(g42+y16))+((g40+g33)*y15)*((g42+y16+g41)))*(y38*(-G9+           
(g52+y37)))+(g33*(((g40+y15))*(g41*(g42+y16))+(g40*y15)*(             
(g42+y16+g41))))*((g52+y37+y38)))))*((g18+y8)*g7*g6*g12*(((-G1+       
(g53+g3+y20+y5+y22))*((g1+y1+y21)*((g2+y2+y3))+(g2+y2)*y3)+(          
(g53+g3+y20+y5)*y22)*((g2+y2+y3)))*((g13*((g14*((g15+y26+y6))+        
(g15+y26)*y6)*(G4))+g11*((g14*((g15+y26+y6))+(g15+y26)*y6)*(G4))+((   
(g14+y6))*(-(g15+y26))+(g14*y6)*(-1))*(g11*((g46+y25+g13))+g13*       
(g46+y25)))*(y24*(-G2+(g45+y23)))+((((g46+y25+g9+y26))*(g11*g13)+(    
(g9+y26)*(-G4+(g46+y25)))*((g13+g11)))*(((g14+y6))*(-g15)+(g14*y6)*   
(-1)))*((g45+y23+y24)))+(((g1+y1+y21+y22)*((g2+y2+y3))+(g2+y2)*y3)*   
(g4*((g53+g3+y20+y5))+(g53+g3+y20)*y5)+(((g2+y2+y3))*((g1+y1+y21)*    
(-G1+y22))+((g2+y2)*y3)*(-G1+y22))*((g4+y5)))*(((                     
(g46+y25+g9+y24+y26))*(g11*g13)+((g9+y24+y26)*(-G4+(g46+y25)))*(      
(g13+g11)))*(((g14+y6))*(-g15)+(g14*y6)*(-1)))))+((g38*(((           
(g47+y27+y4+y28))*(y30*(((g16+y7))*(-G5+(g21+y10+g22+g17))+(g16*y7)*  
(1)))+(-y28*G3+(g47+y27+y4)*((g48+y29+g10+y28))+y28*(g48+y29+g10))*   
(g16*((g21+y10+g22+g17+y30+y7))+y7*(g21+y10+g22+g17+y30)))*((((       
(g20+y9))*(g25*(g49+y31))+(g20*((y32+y9))+y9*y32)*(-G6+               
(g49+y31+g25)))*(g27*(g28+y12))+(y32*((g20*((g25+y9))+g25*y9)*(-G6+   
(g49+y31))+(g20*g25*y9)*(1)))*((g28+y12+g27)))*(((((g26+g24))*(-G7+   
(g50+y33))+(g24*g26)*(1))*(g23*((y34+y11))+y11*y34)+(g24*g26*         
(g50+y33))*((g23+y11)))*((g30+y13)*g31)+(y34*((((g26+g24))*(g23*y11)+ 
(g24*g26)*((g23+y11)))*(-G7+(g50+y33))+(g26*g24*g23*y11)*(1)))*(      
(g31+g30+y13)))+(g25*((((g20+y9))*(g27*(g28+y12))+(g20*y9)*(          
(g28+y12+g27)))*(y32*(-G6+(g49+y31)))+(g20*g27*(g28+y12)*y9)*(-G6+    
(g49+y31))))*(((-G7+(g50+y33+g26))*(g23*((y34+y11))+y11*y34)+(g26*    
(g50+y33))*((g23+y11)))*((g30+y13)*g31)+(y34*((g26*(                  
(g23+y11))+g23*y11)*(-G7+(g50+y33))+(g26*g23*y11)*(1)))*(             
(g31+g30+y13))))+((g21+y10)*(((g47+y27+y4+y28))*(y30*(((g16+y7))*     
(-G5+(g22+g17))+(g16*y7)*(1)))+(-y28*G3+(g47+y27+y4)*(                
(g48+y29+g10+y28))+y28*(g48+y29+g10))*(g16*((g22+g17+y30+y7))+        
(g22+g17+y30)*y7)))*((g23+y11)*(((((g26+g25+g24))*(-G7+(g50+y33))+(   
(g25+g24)*g26)*(1))*((g30+y13)*((g31+y34))+g31*y34))*((((g20+y9))*    
(g27*(g28+y12))+(g20*y9)*((g28+y12+g27)))*(y32*(-G6+(g49+y31)))+      
(g20*g27*(g28+y12)*y9)*(-G6+(g49+y31)))+(g25*((((g26+g24))*(-G7+      
(g50+y33))+(g24*g26)*(1))*((g30+y13)*((g31+y34))+g31*y34)))*((        
(g20+y9))*(y32*(((g28+y12+g27))*-G6+(g27*(g28+y12))*(1)))+(g20*(      
(g49+y31+y9))+(g49+y31)*y9)*(g27*((g28+y12+y32))+(g28+y12)*y32))))))* 
((g39+y14)*(((g34*((g37+g35+y36))+(g37+g35)*y36)*(-G8+                
(g51+y35+g32)))*(g33*((g41*((g42+y16+y15))+(g42+y16)*y15)*((g40+y38)* 
(-G9+(g52+y37)))+((g42+y16)*g41*y15)*(-G9+(g52+y37))))+((((g32+g29))* 
(-G8+(g51+y35))+(g29*g32)*(1))*(g34*((g37+g35+y36))+(g37+g35)*y36))*( 
(g41*((g42+y16+y15))+(g42+y16)*y15)*((g40+y38)*(-G9+(g52+y37+g33)))+( 
(g42+y16)*g41*y15)*(-G9+(g52+y37+g33)))))+(g38*(g28+y12+g27)*(((      
(g47+y27+y4+y28))*(y30*(((g16+y7))*(-G5+(g21+y10+g22+g17))+(g16*y7)*  
(1)))+(-y28*G3+(g47+y27+y4)*((g48+y29+g10+y28))+y28*(g48+y29+g10))*   
(g16*((g21+y10+g22+g17+y30+y7))+y7*(g21+y10+g22+g17+y30)))*(((        
(g20+y9))*((g26+g24)*g25*(g49+y31))+(g20*((y32+y9))+y9*y32)*((        
(g26+g24+g25))*(-G6+(g49+y31))+(g25*(g26+g24))*(1)))*((((g23+y11))*(  
(g30+y13)*g31)+(g23*y11)*((g31+g30+y13)))*(y34*(-G7+(g50+y33)))+      
(g23*g31*(g30+y13)*y11)*(-G7+(g50+y33)))+(g26*(((g20+y9))*(g24*g25*   
(g49+y31))+(g20*((y32+y9))+y9*y32)*(((g25+g24))*(-G6+(g49+y31))+      
(g24*g25)*(1))))*(((g23+y11))*(y34*(((g31+g30+y13))*-G7+(             
(g30+y13)*g31)*(1)))+(g23*((g50+y33+y11))+(g50+y33)*y11)*((g30+y13)*( 
(g31+y34))+g31*y34)))+((g21+y10)*(((g47+y27+y4+y28))*(y30*((          
(g16+y7))*(-G5+(g22+g17))+(g16*y7)*(1)))+(-y28*G3+(g47+y27+y4)*(      
(g48+y29+g10+y28))+y28*(g48+y29+g10))*(g16*((g22+g17+y30+y7))+        
(g22+g17+y30)*y7)))*((g23+y11)*((((g20+y9))*(g25*(g49+y31))+(g20*(    
(y32+y9))+y9*y32)*(-G6+(g49+y31+g25)))*((((g26+g24))*(-G7+(g50+y33))+ 
(g24*g26)*(1))*((g30+y13)*((g31+y34))+g31*y34))+(g25*((g20*(          
(y32+y9))+y9*y32)*(-G6+(g49+y31))))*(((g30+y13)*((g31+y34))+g31*y34)* 
(-G7+(g50+y33+g26))*((g39+y14)*(((g32*g33*(+(g38*(g28+y12+g27)*(g31+g30+y13)*((((g47+y27+y4+y28))*  
(y30*(((g16+y7))*(-G5+(g21+y10+g22+g17))+(g16*y7)*(1)))+(-y28*G3+     
(g47+y27+y4)*((g48+y29+g10+y28))+y28*(g48+y29+g10))*(g16*(            
(g21+y10+g22+g17+y30+y7))+y7*(g21+y10+g22+g17+y30)))*((((g20+y9))*    
(g25*(g49+y31))+(g20*((y32+y9))+y9*y32)*(-G6+(g49+y31+g25)))*(((      
(g26+g24))*(-G7+(g50+y33))+(g24*g26)*(1))*(g23*y11)+(g24*g26*         
(g50+y33))*((g23+y11)))+(g25*((g20*((y32+y9))+y9*y32)*(-G6+           
(g49+y31))))*((-G7+(g50+y33+g26))*(g23*y11)+(g26*(g50+y33))*(         
(g23+y11))))+((-y28*G3+(g47+y27+y4)*((g48+y29+g10+y30+y28))+y28*      
(g48+y29+g10+y30))*(((g16+y7))*((g21+y10)*y34)+(g16*((g22+g17+y7))+   
(g22+g17)*y7)*((g21+y10+y34)))+(y30*(((g47+y27+y4+y28))*(-G5+         
(g48+y29+g10))+(y28*(-G3+(g47+y27+y4)))*(1)))*((g16+y7)*              
(g21+y10+y34)))*((g23+y11)*((((g26+g25+g24))*(-G7+(g50+y33))+(        
(g25+g24)*g26)*(1))*((g20*((y32+y9))+y9*y32)*(-G6+(g49+y31)))+(g25*(( 
(g26+g24))*(-G7+(g50+y33))+(g24*g26)*(1)))*(g20*((g49+y31+y32+y9))+   
(g49+y31+y32)*y9)))))*((g39+y14)*(((((g33+g29+g32))*(g34*(g37+g35))+  
(g32*(g33+g29))*((g37+g35+g34)))*(y36*(-G8+(g51+y35)))+(g32*g34*      
(g37+g35)*(g33+g29))*((g51+y35+y36)))*((((g40+y15))*(g41*(g42+y16))+(g38*y28*y30*(g31+g30+y13)*(((g50+y33)*              
(g28+y12+g27)*(((g21+y10)*(g16+y7))*((g23+y11))))*(g26*g25*((         
(g20+y9))*((y32*(-G6+(g49+y31)))*(-1))))))*(((((g40+g32+g29+y15))*    
(g41*(g42+y16))+((g40+g32+g29)*y15)*((g42+y16+g41)))*(g33*y38*(-G9+   
(g52+y37)))+((g32+g29)*(((g40+y15))*(g41*(g42+y16))+(g40*y15)*(       
(g42+y16+g41))))*(-y38*G9+g33*((g52+y37+y38))+(g52+y37)*y38))*(      
(g34*y36*(-G8+(g51+y35)))*(g37*(g39+y14)))+(g32*((((g40+g29+y15))*    
(g41*(g42+y16))+((g40+g29)*y15)*((g42+y16+g41)))*(g33*y38*(-G9+       
(g52+y37)))+(g29*(((g40+y15))*(g41*(g42+y16))+(g40*y15)*(             
(g42+y16+g41))))*(-y38*G9+g33*((g52+y37+y38))+(g52+y37)*y38)))*       
(y36*g34*g37*(g39+y14)))+(g38*((((g50+y33)*g26*g25*(G6*(g28+y12+g27)* 
(g20*((y32+y9))+y9*y32)+(g49+y31)*(((g20+y9))*(-y32*                 
(g28+y12+g27)))))*((g23+y11)*((g30+y13)*((g31+y34))+g31*y34))+        
(g26*g25*(-G6*(g28+y12+g27)*(g20*((y32+y9))+y9*y32)+(g49+y31)*((      
(g20+y9))*(y32*(g28+y12+g27)))))*(((g23+y11))*(((g31+g30+y13))*(y34* 
(G7))+((g30+y13)*g31)*(G7))))*((g21+y10)*(((g16+y7))*                
(-G3*G5-y30*G3)+y28*(((g16+y7))*(-G5-y30))))))*(((((g33+g32+g29))(((g23+y11))*(((g31+g30+y13))*(G7+y34)))*(-(g21+y10)*(g16+y7)))*  
(-G3*G5-y30*G3+y28*(-G5-y30)))*(g26*((((g20+y9))*(g24*g25*(g49+y31))+ 
(g20*((y32+y9))+y9*y32)*(((g25+g24))*(-G6+(g49+y31))+(g24*g25)*(1)))* 
(g27*(g28+y12))+(y32*((((g20+y9))*(g24*g25)+(g20*y9)*((g25+g24)))*    
(-G6+(g49+y31))+(g20*g25*g24*y9)*(1)))*((g28+y12+g27))))+((((-        
(g21+y10)*(g16+y7))*((g23+y11)*(g31+g30+y13)))*(y34*(-G7+             
(g50+y33))))*(-G3*G5-y30*G3+y28*(-G5-y30)))*((((g20+y9))*(            
(g26+g24)*g25*(g49+y31))+(g20*((y32+y9))+y9*y32)*(((g26+g24+g25))*    
(-G6+(g49+y31))+(g25*(g26+g24))*(1)))*(g27*(g28+y12))+(y32*(((        
(g20+y9))*(g25*(g26+g24))+(g20*y9)*((g26+g24+g25)))*(-G6+(g49+y31))+  
(g20*g25*(g26+g24)*y9)*(1)))*((g28+y12+g27)))))*(-((g37*g33*          
(g39+y14)*((g41*((g42+y16+y15))+(g42+y16)*y15)*(y38*(G9-(g52+y37)))+( 
((g40+y15))*(g41*(g42+y16))+(g40*y15)*((g42+y16+g41)))*(G9-           
(g52+y37))))*(g32*g34*G8)))+((((g38+g47+y27+y4+y28))*(y30*((          
(g16+y7))*(-G5+(g21+y10+g22+g17))+(g16*y7)*(1)))+(y28*(-G3)+y28*(     
(g38+g47+y27+y4+g48+y29+g10))+(g48+y29+g10)*(g38+g47+y27+y4))*(g16*(  
(g21+y10+g22+g17+y30+y7))+y7*(g21+y10+g22+g17+y30)))*(((((g20+y9))*   
(g25*(g49+y31))+(g20*((y32+y9))+y9*y32)*(-G6+(g49+y31+g25)))*(g27*    
(g28+y12))+(y32*((g20*((g25+y9))+g25*y9)*(-G6+(g49+y31))+             
(g20*g25*y9)*(1)))*((g28+y12+g27)))*(((((g26+g24))*(-G7+(g50+y33))+   
(g24*g26)*(1))*(g23*((y34+y11))+y11*y34)+(g24*g26*(g50+y33))*(        
(g23+y11)))*((g30+y13)*g31)+(y34*((((g26+g24))*(g23*y11)+(g24*g26)*(  
(g23+y11)))*(-G7+(g50+y33))+(g26*g24*g23*y11)*(1)))*((g31+g30+y13)))+ 
(g25*((((g20+y9))*(g27*(g28+y12))+(g20*y9)*((g28+y12+g27)))*(y32*     
(-G6+(g49+y31)))+(g20*g27*(g28+y12)*y9)*(-G6+(g49+y31))))*(((-G7+     
(g50+y33+g26))*(g23*((y34+y11))+y11*y34)+(g26*(g50+y33))*(            
(g23+y11)))*((g30+y13)*g31)+(y34*((g26*((g23+y11))+g23*y11)*(-G7+     
(g50+y33))+(g26*g23*y11)*(1)))*((g31+g30+y13))))+((g21+y10)*((        
(g38+g47+y27+y4+y28))*(y30*(((g16+y7))*(-G5+(g22+g17))+(g16*y7)*      
(1)))+(y28*(-G3)+y28*((g38+g47+y27+y4+g48+y29+g10))+(g48+y29+g10)*    
(g38+g47+y27+y4))*(g16*((g22+g17+y30+y7))+(g22+g17+y30)*y7)))*(       
(g23+y11)*(((((g26+g25+g24))*(-G7+(g50+y33))+((g25+g24)*g26)*(1))*(   
(g30+y13)*((g31+y34))+g31*y34))*((((g20+y9))*(g27*(g28+y12))+         
(g20*y9)*((g28+y12+g27)))*(y32*(-G6+(g49+y31)))+(g20*g27*             
(g28+y12)*y9)*(-G6+(g49+y31)))+(g25*((((g26+g24))*(-G7+(g50+y33))+    
(g24*g26)*(1))*((g30+y13)*((g31+y34))+g3*y)+((g28+y12+g27)*((((g38+g47+y27+y4+y28))*(y30*(((g16+y7)))*((((g33*(g52+y37))*(g32*(G8-(g51+y35))))*(((g40+y15))*(g41* 
(g42+y16))+(g40*y15)*((g42+y16+g41)))+(y38*((g32*(G8-(g51+y35)))*     
(g33*(-G9+(g52+y37)))))*(g41*((g42+y16+y15))+(g42+y16)*y15))*(g34*((  
(g37+g35))*(g39*y14)+(g35*g37)*((g39+y14))))+(y36*(((-g33*(g52+y37))* 
(g32*(-G8+(g51+y35))))*(((g40+y15))*(g41*(g42+y16))+(g40*y15)*(       
(g42+y16+g41)))+(y38*((g33*(G9-(g52+y37)))*(g32*(-G8+(g51+y35)))))*   
(g41*((g42+y16+y15))+(g42+y16)*y15)))*(((g37+g35+g34))*(g39*y14)+(    
(g35+g34)*g37)*((g39+y14))))+((g31+g30+y13)*((((g38+g47+y27+y4+y28))* 
(y30*(((g16+y7))*(-G5+(g21+y10+g22+g17))+(g16*y7)*(1)))+(y28*         
(-G3)+y28*((g38+g47+y27+y4+g48+y29+g10))+(g48+y29+g10)*               
(g38+g47+y27+y4))*(g16*((g21+y10+g22+g17+y30+y7))+y7*                 
(g21+y10+g22+g17+y30)))*(((((g26+g25+g24))*(-G7+(g50+y33))+(          
(g25+g24)*g26)*(1))*(g23*y11)+((g25+g24)*g26*(g50+y33))*((g23+y11)))* 
((((g20+y9))*(g27*(g28+y12))+(g20*y9)*((g28+y12+g27)))*(y32*(-G6+     
(g49+y31)))+(g20*g27*(g28+y12)*y9)*(-G6+(g49+y31)))+(g25*(((          
(g26+g24))*(-G7+(g50+y33))+(g24*g26)*(1))*(g23*y11)+(g24*g26*         
(g50+y33))*((g23+y11))))*(((g20+y9))*(y32*(((g28+y12+g27))*-G6+(g27*  
(g28+y12))*(1)))+(g20*((g49+y31+y9))+(g49+y31)*y9)*(g27*(             
(g28+y12+y32))+(g28+y12)*y32)))+(((g38+g47+y27+y4+y28))*(y30*((       
(g16+y7))*(((g21+y10+y34))*-G5+((g21+y10)*y34)*(1))+(g16*(            
(g22+g17+y7))+(g22+g17)*y7)*((g21+y10+y34))))+(y28*(-G3)+y28*(        
(g38+g47+y27+y4+g48+y29+g10))+(g48+y29+g10)*(g38+g47+y27+y4))*((      
(g16+y7))*((g21+y10)*y34)+(g16*((g22+g17+y30+y7))+(g22+g17+y30)*y7)*( 
(g21+y10+y34))))*((g23+y11)*((((g26+g25+g24))*(-G7+(g50+y33))+(       
(g25+g24)*g26)*(1))*((((g20+y9))*(g27*(g28+y12))+(g20*y9)*(           
(g28+y12+g27)))*(y32*(-G6+(g49+y31)))+(g20*g27*(g28+y12)*y9)*(-G6+    
(g49+y31)))+(g25*(((g26+g24))*(-G7+(g50+y33))+(g24*g26)*(1)))*((      
(g20+y9))*(y32*(((g28+y12+g27))*-G6+(g27*(g28+y12))*(1)))+(g20*(      
(g49+y31+y9))+(g49+y31)*y9)*(g27*((g28+y12+y32))+(g28+y12)*y32))))))* 
(((((g37+g35+g34))*(g39*y14)+((g35+g34)*g37)*((g39+y14)))*(y36*(-G8+  
(g51+y35+g32)))+(g34*(((g37+g35))*(g39*y14)+(g35*g37)*((g39+y14))))*  
(-G8+(g51+y35+g32)))*((((g40+g29+y15))*(g41*(g42+y16))+(              
(g40+g29)*y15)*((g42+y16+g41)))*(g33*y38*(-G9+(g52+y37)))+(g29*((     
(g40+y15))*(g41*(g42+y16))+(g40*y15)*((g42+y16+g41))))*(-y38*G9+g33*( 
(g52+y37+y38))+(g52+y37)*y38))+(g32*((((g37+g35+g34))*(g39*y14)+(     
(g35+g34)*g37)*((g39+y14)))*(y36*(-G8+(g51+y35)))+(g34*(((g37+g35))*  
(g39*y14)+(g35*g37)*((g39+y14))))*(-G8+(g51+y35))))*(((               
(g40+g33+y15))*(g41*(g42+y16))+((g40+g33)*y15)*((g42+y16+g41)))*(y38* 
(-G9+(g52+y37)))+(g33*(((g40+y15))*(g41*(g42+y16))+(g40*y15)*(        
(g42+y16+g41))))*((g52+y37+y38))))+((g28+y12+g27)*(g31+g30+y13)*(((   
(g38+g47+y27+y4+y28))*(y30*(((g16+y7))*(-G5+(g21+y10+g22+g17))+       
(g16*y7)*(1)))+(y28*(-G3)+y28*((g38+g47+y27+y4+g48+y29+g10))+         
(g48+y29+g10)*(g38+g47+y27+y4))*(g16*((g21+y10+g22+g17+y30+y7))+y7*   
(g21+y10+g22+g17+y30)))*((((g20+y9))*(g25*(g49+y31))+(g20*(           
(y32+y9))+y9*y32)*(-G6+(g49+y31+g25)))*((((g26+g24))*(-G7+(g50+y33))+ 
(g24*g26)*(1))*(g23*y11)+(g24*g26*(g50+y33))*((g23+y11)))+(g25*(     
(g20*((y32+y9))+y9*y32)*(-G6+(g49+y31))))*((-G7+(g50+y33+g26))*       
(g23*y11)+(g26*(g50+y33))*((g23+y11))))+(((g38+g47+y27+y4+y28))*(y30* 
(((g16+y7))*(((g21+y10+y34))*-G5+((g21+y10)*y34)*(1))+(g16*(          
(g22+g17+y7))+(g22+g17)*y7)*((g21+y10+y34))))+(y28*(-G3)+y28*(        
(g38+g47+y27+y4+g48+y29+g10))+(g48+y29+g10)*(g38+g47+y27+y4))*((      
(g16+y7))*((g21+y10)*y34)+(g16*((g22+g17+y30+y7))+(g22+g17+y30)*y7)*( 
(g21+y10+y34))))*((g23+y11)*((((g26+g25+g24))*(-G7+(g50+y33))+(       
(g25+g24)*g26)*(1))*((g20*((y32+y9))+y9*y32)*(-G6+(g49+y31)))+(g25*(( 
(g26+g24))*(-G7+(g50+y33))+(g24*g26)*(1)))*(g20*((g49+y31+y32+y9))+   
(g49+y31+y32)*y9)))))*(((((g37+g35+g32))*(g39*y14)+((g35+g32)*g37)*(  
(g39+y14)))*(g34*y36*(-G8+(g51+y35)))+(g32*(((g37+g35))*(g39*y14)+    
(g35*g37)*((g39+y14))))*(-y36*G8+g34*((g51+y35+y36))+(g51+y35)*y36))* 
((((g40+g29+y15))*(g41*(g42+y16))+((g40+g29)*y15)*((g42+y16+g41)))*   
(g33*y38*(-G9+(g52+y37)))+(g29*(((g40+y15))*(g41*(g42+y16))+          
(g40*y15)*((g42+y16+g41))))*(-y38*G9+g33*((g52+y37+y38))+             
(g52+y37)*y38))+(g32*((g34*(((g37+g35))*(g39*y14)+(g35*g37)*(         
(g39+y14))))*(y36*(-G8+(g51+y35)))))*((((g40+g33+y15))*(g41*          
(g42+y16))+((g40+g33)*y15)*((g42+y16+g41)))*(y38*(-G9+(g52+y37)))+    
(g33*(((g40+y15))*(g41*(g42+y16))+(g40*y15)*((g42+y16+g41))))*(       
(g52+y37+y38)))))*(g7*g12*(((-G1+(g53+g3+y20+y5+y22))*((g1+y1+y21)*(  
(g2+y2+y3))+(g2+y2)*y3)+((g53+g3+y20+y5)*y22)*((g2+y2+y3)))*((((g6*(  
(g19+g18+y8+g9+g13+g8))+g8*(g19+g18+y8+g9+g13))*(g11*(-G4+            
(g46+y25)))+(g13*(g6*((g19+g18+y8+g9+g8))+g8*(g19+g18+y8+g9)))*(-G4+  
(g46+y25+g11)))*(g14*((g15+y26+y6))+(g15+y26)*y6)+((g19+g18+y8)*((    
(g8+g6))*(g13*g11*(g46+y25))+(g6*((g9+g8))+g8*g9)*(((g13+g11))*(-G4+  
(g46+y25))+(g11*g13)*(1))))*((g14+y6)))*(y24*(-G2+(g45+y23)))+(((     
(g8+g6))*(g14*y6)+(g6*((g15+g8))+g8*g15)*((g14+y6)))*(y26*((g9*(      
(g13+g11))+g11*g13)*(-G4+(g46+y25))+(g9*g11*g13)*(1)))+((g6*(         
(g19+g18+y8+g8))+g8*(g19+g18+y8))*(g14*((g15+y6))+g15*y6)+(g6*g8*     
(g19+g18+y8))*((g14+y6)))*(((g46+y25+g9+y26))*(g11*g13)+((g9+y26)*    
(-G4+(g46+y25)))*((g13+g11))))*((g45+y23+y24)))+(((g1+y1+y21+y22)*(   
(g2+y2+y3))+(g2+y2)*y3)*(g4*((g53+g3+y20+y5))+(g53+g3+y20)*y5)+((     
(g2+y2+y3))*((g1+y1+y21)*(-G1+y22))+((g2+y2)*y3)*(-G1+y22))*(         
(g4+y5)))*(g6*((-G2*((-y26*G4)*(g11*g13)+(((g9+y24)*(                 
(g19+g18+y8+y26))+(g19+g18+y8)*y26)*(-G4))*((g13+g11))))*((g14+y6))+  
(-G2*((-(g9+y24+y26)*G4)*((g13+g11))))*(g14*((g15+y6))+g15*y6)+((     
(g13+g11))*((-G4)*(-y26*G2))+(g11*g13)*(-G2*G4))*(((g14+y6))*(-g15)+  
(g14*y6)*(-1)))+g8*((-G2*((-y26*G4)*(g11*g13)+(((g9+y24)*(            
(g19+g18+y8+y26))+(g19+g18+y8)*y26)*(-G4))*((g13+g11))))*((g14+y6))+  
(-G2*((-(g9+y24+y26)*G4)*((g13+g11))))*(g14*((g15+y6))+g15*y6)+((     
(g13+g11))*((-G4)*(-y26*G2))+(g11*g13)*(-G2*G4))*(((g14+y6))*(-g15)+  
(g14*y6)*(-1)))+(-G2*(g8+g6)*(g14*((g19+g18+y8+y26+g15+y6))+y6*       
(g19+g18+y8+y26+g15)))*(((g46+y25+g9+y24))*(g11*g13)+((g9+y24)*       
(g46+y25))*((g13+g11)))+(y26*((-(g19+g18+y8)*G2*(g8+g6))*(            
(g14+y6))))*(g11*((g46+y25+g13))+g13*(g46+y25))+(((g8+g6))*(g14*y6)+  
(g6*((g45+y23+g15+g8))+g8*(g45+y23+g15))*((g14+y6)))*(y26*(((g9+y24)* 
((g13+g11))+g11*g13)*(-G4+(g46+y25))+((g9+y24)*g11*g13)*(1)))+((g6*(  
(g19+g18+y8+g45+y23+g8))+g8*(g19+g18+y8+g45+y23))*(g14*(              
(g15+y6))+g15*y6)+((g19+g18+y8)*(g6*((g45+y23+g8))+g8*(g45+y23)))*(   
(g14+y6)))*(((g46+y25+g9+y24+y26))*(g11*g13)+((g9+y24+y26)*(-G4+      
(g46+y25)))*((g13+g11))))))+((g20+y9)*((((-y30*G5+(g22+g17)*(         
(g48+y29+g10+y28+y30))+(g48+y29+g10+y28)*y30)*(((g38+g47+y27+y4))*((  
(g37+g35+g34))*(g39*y14)+((g35+g34)*g37)*((g39+y14)))+(               
(g47+y27+y4)*g38)*((g37+g35+g34)*(g39+y14)))+(y28*(((g22+g17+y30))*   
(-G3+(g48+y29+g10))+(y30*(-G5+(g22+g17)))*(1)))*(((g37+g35+g34))*     
(g39*y14)+((g35+g34)*((g38+g37))+g37*g38)*((g39+y14))))*(y36*(((y32*( 
(g33+g29+g32))+g32*(g33+g29))*(-G8+(g51+y35))+(y32*g32*(g33+g29))*    
(1))*((((g40+y15))*(g41*(g42+y16))+(g40*y15)*((g42+y16+g41)))*(y38*   
(-G9+(g52+y37))))+(g33*((y32*((g32+g29))+g29*g32)*(-G8+(g51+y35))+    
(y32*g29*g32)*(1)))*((g41*((g42+y16+y15))+(g42+y16)*y15)*             
(-y38*G9+g40*((g52+y37+y38))+(g52+y37)*y38)+((g42+y16)*g41*y15)*(     
(g52+y37+y38)))))+(g34*((-y30*G5+(g22+g17)*((g48+y29+g10+y28+y30))+   
(g48+y29+g10+y28)*y30)*(((g38+g47+y27+y4))*(((g37+g35))*(g39*y14)+    
(g35*g37)*((g39+y14)))+((g47+y27+y4)*g38)*((g37+g35)*(g39+y14)))+     
(y28*(((g22+g17+y30))*(-G3+(g48+y29+g10))+(y30*(-G5+(g22+g17)))*      
(1)))*(((g37+g35))*(g39*y14)+(g35*((g38+g37))+g37*g38)*(              
(g39+y14)))))*((((g33+g29+g32))*((y36+y32)*(-G8+(g51+y35)))+(g32*     
(g33+g29))*((g51+y35+y36+y32)))*((((g40+y15))*(g41*(g42+y16))+        
(g40*y15)*((g42+y16+g41)))*(y38*(-G9+(g52+y37))))+(g33*(((g32+g29))*( 
(y36+y32)*(-G8+(g51+y35)))+(g29*g32)*((g51+y35+y36+y32))))*((g41*(    
(g42+y16+y15))+(g42+y16)*y15)*(-y38*G9+g40*((g52+y37+y38))+           
(g52+y37)*y38)+((g42+y16)*g41*y15)*((g52+y37+y38)))))*((g16+y7)*      
(g28+y12+g27)*(g31+g30+y13)*((((g26+g24+g25))*(-+(y30*y28*g38*((g34*g37*g33*(g)*(g26*((    
(g25+g24))*(-G6+(g49+y31))+(g24*g25)*(1)))+(((-(g21+y10)*(g16+y7))*(  
(g23+y11)*(g31+g30+y13)))*(y34*(-G7+(g50+y33))))*(((g26+g24+g25))*    
(-G6+(g49+y31))+(g25*(g26+g24))*(1))))+(((g38*((g37*g34*(-G8-y36))*(  
(g39+y14))))*(-G3*G5-y30*G3+y28*(-G5-y30)))*(g32*((((g40+g29+y15))*   
(g41*(g42+y16))+((g40+g29)*y15)*((g42+y16+g41)))*(g33*y38*(-G9+       
(g52+y37)))+(g29*(((g40+y15))*(g41*(g42+y16))+(g40*y15)*(             
(g42+y16+g41))))*(-y38*G9+g33*((g52+y37+y38))+(g52+y37)*y38)))+))*(g26*g25*G6)))+(((-y30*G5+(g22+g17)*((g48+y29+g10+y28+y30))+       
(g48+y29+g10+y28)*y30)*(((g38+g47+y27+y4))*(((g37+g35+g34))*          
(g39*y14)+((g35+g34)*g37)*((g39+y14)))+((g47+y27+y4)*g38)*(           
(g37+g35+g34)*(g39+y14)))+(y28*(((g22+g17+y30))*(-G3+(g48+y29+g10))+  
(y30*(-G5+(g22+g17)))*(1)))*(((g37+g35+g34))*(g39*y14)+((g35+g34)*(   
(g38+g37))+g37*g38)*((g39+y14))))*(y36*((((g33+g29+g32))*(-G8+        
(g51+y35))+(g32*(g33+g29))*(1))*((((g40+y15))*(g41*(g42+y16))+        
(g40*y15)*((g42+y16+g41)))*(y38*(-G9+(g52+y37))))+(g33*(((g32+g29))*  
(-G8+(g51+y35))+(g29*g32)*(1)))*((g41*((g42+y16+y15))+(g42+y16)*y15)* 
(-y38*G9+g40*((g52+y37+y38))+(g52+y37)*y38)+((g42+y16)*g41*y15)*(     
(g52+y37+y38)))))+(g34*((-y30*G5+(g22+g17)*((g48+y29+g10+y28+y30))+   
(g48+y29+g10+y28)*y30)*(((g38+g47+y27+y4))*(((g37+g35))*(g39*y14)+    
(g35*g37)*((g39+y14)))+((g47+y27+y4)*g38)*((g37+g35)*(g39+y14)))+     
(y28*(((g22+g17+y30))*(-G3+(g48+y29+g10))+(y30*(-G5+(g22+g17)))*      
(1)))*(((g37+g35))*(g39*y14)+(g35*((g38+g37))+g37*g38)*(              
(g39+y14)))))*((((g33+g29+g32))*(-G8+(g51+y35))+(g32*(g33+g29))*(1))* 
((((g40+y15))*(g41*(g42+y16))+(g40*y15)*((g42+y16+g41)))*(y38*(-G9+   
(g52+y37))))+(g33*(((g32+g29))*(-G8+(g51+y35))+(g29*g32)*(1)))*((g41* 
((g42+y16+y15))+(g42+y16)*y15)*(-y38*G9+g40*((g52+y37+y38))+          
(g52+y37)*y38)+((g42+y16)*g41*y15)*((g52+y37+y38)))))*(g27*(g28+y12)* 
(g16+y7)*(g31+g30+y13)*((((g26+g24+g25))*(-G6+(g49+y31))+(g25*        
(g26+g24))*(1))*(((g23+y11))*((g21+y10+y34)*(-G7+(g50+y33)))+         
(g23*y11)*(-G7+(g50+y33)))+(g26*(((g25+g24))*(-G6+(g49+y31))+         
(g24*g25)*(1)))*(g23*((g50+y33+g21+y10+y34+y11))+                     
(g50+y33+g21+y10+y34)*y11)))+(((-y30*G5+(g22+g17)*(                   
(g48+y29+g10+y28+y30))+(g48+y29+g10+y28)*y30)*(((g38+g47+y27+y4))*((  
(g37+g35+g34))*(g39*y14)+((g35+g34)*g37)*((g39+y14)))+(               
(g47+y27+y4)*g38)*((g37+g35+g34)*(g39+y14)))+(y28*(((g22+g17+y30))*   
(-G3+(g48+y29+g10))+(y30*(-G5+(g22+g17)))*(1)))*(((g37+g35+g34))*     
(g39*y14)+((g35+g34)*((g38+g37))+g37*g38)*((g39+y14))))*(y36*(((g33*  
(g52+y37))*(g32*(-G8+(g51+y35))))*(((g40+y15))*(g41*(g42+y16))+       
(g40*y15)*((g42+y16+g41)))+(y38*((g33*(-G9+(g52+y37)))*(g32*(-G8+     
(g51+y35)))))*(g41*((g42+y16+y15))+(g42+y16)*y15)))+(g34*((-y30*G5+   
(g22+g17)*((g48+y29+g10+y28+y30))+(g48+y29+g10+y28)*y30)*((           
(g38+g47+y27+y4))*(((g37+g35))*(g39*y14)+(g35*g37)*((g39+y14)))+(     
(g47+y27+y4)*g38)*((g37+g35)*(g39+y14)))+(y28*(((g22+g17+y30))*(-G3+  
(g48+y29+g10))+(y30*(-G5+(g22+g17)))*(1)))*(((g37+g35))*(g39*y14)+    
(g35*((g38+g37))+g37*g38)*((g39+y14)))))*(((-g33*(g52+y37))*(g32*(G8- 
(g51+y35))))*(((g40+y15))*(g41*(g42+y16))+(g40*y15)*((g42+y16+g41)))+ 
(y38*((g32*(-G8+(g51+y35)))*(g33*(-G9+(g52+y37)))))*(g41*(            
(g42+y16+y15))+(g42+y16)*y15)))*(-(g16+y7)*(((g28+y12+g27)*((         
(-y34*G7)*(-1)-(g50+y33)*y34)*((g23+y11)*(g31+g30+y13))))*            
(g26*g25*G6)))+(((y28*(-G3)+y28*((g38+g47+y27+y4+g48+y29+g10+y30))+   
(g48+y29+g10+y30)*(g38+g47+y27+y4))*((g34*((g35+y14+y36))+            
(g35+y14)*y36)*(g37*g39)+(y14*(g34*((g35+y36))+g35*y36))*(            
(g39+g37)))+(g38*(-y28*G3+(g47+y+((((g48+y29+g10+y30+y28))*(g38*(((g37+g35+g34))*(g39*y14)+( 
(g35+g34)*g37)*((g39+y14))))+(-y28*G3+(g47+y27+y4)*(                  
(g48+y29+g10+y30+y28))+y28*(g48+y29+g10+y30))*(((g37+g35+g34))*       
(g39*y14)+((g35+g34)*((g38+g37))+g37*g38)*((g39+y14))))*(y36*(((y32*( 
(g33+g29+g32))+g32*(g33+g29))*(-G8+(g51+y35))+(y32*g32*(g33+g29))*    
(1))*(g41*(g42+y16+y15))+(g42+y16)*y15)*((g40++(((g37*g33*(g39++))*      
(g26*g25*G6))+(((-y30*G5+(g22+g17)*((g48+y29+g10+y28+y30))+           
(g48+y29+g10+y28)*y30)*(((g38+g47+y27+y4))*(((g37+g35+g34))*          
(g39*y14)+((g35+g34)*g37)*((g39+y14)))+((g47+y27+y4)*g38)*(           
(g37+g35+g34)*(g39+y14)))+(y28*(((g22+g17+y30))*(-G3+(g48+y29+g10))+  
(y30*(-G5+(g22+g17)))*(1)))*(((g37+g35+g34))*(g39*y14)+((g35+g34)*(   
(g38+g37))+g37*g38)*((g39+y14))))*(y36*((((g33+g29+g32))*(-G8+        
(g51+y35))+(g32*(g33+g29))*(1))*(-G9*(((g40+y38+y15))*(g41*           
(g42+y16))+((g40+y38)*y15)*((g42+y16+g41))))+(((g32+g29)*(            
(g52+y37+g33))+g33*(g52+y37))*(-G8+(g51+y35))+(g32*(g29*(             
(g52+y37+g33))+g33*(g52+y37)))*(1))*(((g40+y38+y15))*(g41*(g42+y16))+ 
((g40+y38)*y15)*((g42+y16+g41)))))+(g34*((-y30*G5+(g22+g17)*(         
(g48+y29+g10+y28+y30))+(g48+y29+g10+y28)*y30)*(((g38+g47+y27+y4))*((  
(g37+g35))*(g39*y14)+(g35*g37)*((g39+y14)))+((g47+y27+y4)*g38)*(      
(g37+g35)*(g39+y14)))+(y28*(((g22+g17+y30))*(-G3+(g48+y29+g10))+(y30* 
(-G5+(g22+g17)))*(1)))*(((g37+g35))*(g39*y14)+(g35*(                  
(g38+g37))+g37*g38)*((g39+y14)))))*((((g33+g29+g32))*(-G8+(g51+y35))+ 
(g32*(g33+g29))*(1))*(-G9*(((g40+y38+y15))*(g41*(g42+y16))+(          
(g40+y38)*y15)*((g42+y16+g41))))+(((g32+g29)*((g52+y37+g33))+g33*     
(g52+y37))*(-G8+(g51+y35))+(g32*(g29*((g52+y37+g33))+g33*(g52+y37)))* 
(1))*(((g40+y38+y15))*(g41*(g42+y16))+((g40+y38)*y15)*(               
(g42+y16+g41)))))*(g27*(g28+y12)*(g16+y7)*((((g26+g24+g25))*(-G6+     
(g49+y31))+(g25*(g26+g24))*(1))*((((g31+g30+y13))*((g21+y10)*(        
(g23+y11))+g23*y11)+((g30+y13)*g31)*((g23+y11)))*(y34*(-G7+           
(g50+y33)))+(g31*(g30+y13)*((g21+y10)*((g23+y11))+g23*y11))*(-G7+     
(g50+y33)))+(g26*(((g25+g24))*(-G6+(g49+y31))+(g24*g25)*(1)))*((      
(g23+y11))*(y34*(((g31+g30+y13))*-G7+((g30+y13)*g31)*(1)))+(g23*(     
(g50+y33+g21+y10+y11))+(g50+y33+g21+y10)*y11)*((g30+y13)*(            
(g31+y34))+g31*y34))))+(((y28*(-G3)+y28*(                             
(g38+g47+y27+y4+g48+y29+g10+y30))+(g48+y29+g10+y30)*                  
(g38+g47+y27+y4))*((g34*((g35+y14+y36))+(g35+y14)*y36)*(g37*g39)+     
(y14*(g34*((g35+y36))+g35*y36))*((g39+g37)))+(g38*(-y28*G3+           
(g47+y27+y4)*((g48+y29+g10+y30+y28))+y28*(g48+y29+g10+y30)))*(        
(g39+y14)*(g34*((g37+g35+y36))+(g37+g35)*y36)))*((g32*(               
(g33+g29+g51+y35))+(g51+y35)*(g33+g29))*(-G9*(((g40+y38+y15))*(g41*   
(g42+y16))+((g40+y38)*y15)*((g42+y16+g41))))+(((g51+y35+g32))*(g29*(  
(g52+y37+g33))+g33*(g52+y37))+(g32*(g51+y35))*((g52+y37+g33)))*((     
(g40+y38+y15))*(g41*(g42+y16))+((g40+y38)*y15)*((g42+y16+g41))))+     
(-G8*((y28*(-G3)+y28*((g38+g47+y27+y4+g48+y29+g10+y30))+              
(g48+y29+g10+y30)*(g38+g47+y27+y4))*((g34*((g35+y14+y36))+            
(g35+y14)*y36)*(g37*g39)+(y14*(g34*((g35+y36))+g35*y36))*(            
(g39+g37)))+(g38*(-y28*G3+(g47+y27+y4)*((g48+y29+g10+y30+y28))+y28*   
(g48+y29+g10+y30)))*((g39+y14)*(g34*((g37+g35+y36))+                  
(g37+g35)*y36))))*((((g33+g32+g29))*(-G9+(g52+y37))+((g32+g29)*g33)*  
(1))*(((g40+y38+y15))*(g41*(g42+y16))+((g40+y38)*y15)*(               
(g42+y16+g41)))))*(g27*(g28+y12)*(((g16*((g21+y10+y7))+y7*(g21+y10))* 
(((g23+y11))*(y34*(((g31+g30+y13))*-G7+((g30+y13)*g31)*(1)))+         
(g23*y11)*((g30+y13)*((g31+y34))+g31*y34))+(((g16+y7))*((g21+y10)*    
(g50+y33))+(g16*y7)*((g50+y33+g21+y10)))*((g23+y11)*((g30+y13)*(      
(g31+y34))+g31*y34)))*(g26*(((g25+g24))*(-G6+(g49+y31))+(g24*g25)*    
(1)))+(((g16*((g21+y10+y7))+y7*(g21+y10))*(g23*((g30+y13+y11))+       
(g30+y13)*y11)+(y7*g16*(g21+y10))*((g23+y11)))*(g31*y34*(-G7+         
(g50+y33)))+((g30+y13)*((g16*((y11+y7))+y7*y11)*((g21+y10)*g23)+      
(g16*y7*y11)*((g23+g21+y10))))*((g31+y34)*(-G7+(g50+y33))))*((        
(g26+g24+g25))*(-G6+(g49+y31))+(g25*(g26+g24))*(1))))))*(             
(g18+y8)*g7*g12*(((-G1+(g53+g3+y20+y5+y22))*((g1+y1+y21)*(            
(g2+y2+y3))+(g2+y2)*y3)+((g53+g3+y20+y5)*y22)*((g2+y2+y3)))*((((g6*(  
(g19+g9+g13+g8))+g8*(g19+g9+g13))*(g11*(-G4+(g46+y25)))+(g13*(g6*(    
(g19+g9+g8))+g8*(g19+g9)))*(-G4+(g46+y25+g11)))*(g14*((g15+y26+y6))+  
(g15+y26)*y6)+(g19*(((g8+g6))*(g13*g11*(g46+y25))+(g6*(               
(g9+g8))+g8*g9)*(((g13+g11))*(-G4+(g46+y25))+(g11*g13)*(1))))*(       
(g14+y6)))*(y24*(-G2+(g45+y23)))+((((g8+g6))*(g14*y6)+(g6*(           
(g15+g8))+g8*g15)*((g14+y6)))*(y26*((g9*((g13+g11))+g11*g13)*(-G4+    
(g46+y25))+(g9*g11*g13)*(1)))+((g6*((g19+g8))+g8*g19)*(g14*(          
(g15+y6))+g15*y6)+(g6*g8*g19)*((g14+y6)))*(((g46+y25+g9+y26))*        
(g11*g13)+((g9+y26)*(-G4+(g46+y25)))*((g13+g11))))*((g45+y23+y24)))+( 
((g1+y1+y21+y22)*((g2+y2+y3))+(g2+y2)*y3)*(g4*((g53+g3+y20+y5))+      
(g53+g3+y20)*y5)+(((g2+y2+y3))*((g1+y1+y21)*(-G1+y22))+((g2+y2)*y3)*  
(-G1+y22))*((g4+y5)))*(g6*((-G2*((-y26*G4)*(g11*g13)+(((g9+y24)*(     
(g19+y26))+g19*y26)*(-G4))*((g13+g11))))*((g14+y6))+(-G2*((-          
(g9+y24+y26)*G4)*((g13+g11))))*(g14*((g15+y6))+g15*y6)+(((g13+g11))*( 
(-G4)*(-y26*G2))+(g11*g13)*(-G2*G4))*(((g14+y6))*(-g15)+(g14*y6)*     
(-1)))+g8*((-G2*((-y26*G4)*(g11*g13)+(((g9+y24)*((g19+y26))+g19*y26)* 
(-G4))*((g13+g11))))*((g14+y6))+(-G2*((-(g9+y24+y26)*G4)*(            
(g13+g11))))*(g14*((g15+y6))+g15*y6)+(((g13+g11))*((-G4)*(-y26*G2))+  
(g11*g13)*(-G2*G4))*(((g14+y6))*(-g15)+(g14*y6)*(-1)))+(-G2*(g8+g6)*  
(g14*((g19+y26+g15+y6))+y6*(g19+y26+g15)))*(((g46+y25+g9+y24))*       
(g11*g13)+((g9+y24)*(g46+y25))*((g13+g11)))+(y26*((-g19*G2*(g8+g6))*( 
(g14+y6))))*(g11*((g46+y25+g13))+g13*(g46+y25))+(((g8+g6))*(g14*y6)+  
(g6*((g45+y23+g15+g8))+g8*(g45+y23+g15))*((g14+y6)))*(y26*(((g9+y24)* 
((g13+g11))+g11*g13)*(-G4+(g46+y25))+((g9+y24)*g11*g13)*(1)))+((g6*(  
(g19+g45+y23+g8))+g8*(g19+g45+y23))*(g14*((g15+y6))+g15*y6)+(g19*(g6* 
((g45+y23+g8))+g8*(g45+y23)))*((g14+y6)))*(((g46+y25+g9+y24+y26))*    
(g11*g13)+((g9+y24+y26)*(-G4+(g46+y25)))*((g13+g11))))))
);

% Length of expression = 883783 characters

% END
% .total                                                                      
                                                                      
                                                                      
                                                                      
                                                                      
                                                                      
                                                                      
                                                                      
                                                                      
                                                                      
                                                                      
                                                                      
                                                                      
                                                                      
                                                                      
                                                                      
                                                                      
                                                                      
                                                                      
                                                                      
                                                                      
                                                                      
                                                                      
                                                                      
                                                                      
                                                                      
                                                                      
                                                                      
                                                                      
                                                                      
                                                                      
                                                                      
                                                                      
                                                                      
                                                                      
                                                                      
                                                                      
                                                                      
                                                                      
                                                                      
                                                                      
                                                                      
                                                                      
                                                                      
                                                                      
                                                                      
                                                                      
                                                                      
                                                                      
                                                                      
                                                                      
                                                                      
                                                                      
                                                                      
                                                                      
                                                                      
                                                                      
                                                                      
                                                                      
                                                                      
                                                                      
                                                                      
                                                                      
                                                                      
                                                                      
                                                                      
                                                                      
                                                                      
                                                                      
                                                                      
                                                                      
                                                                      
                                                                      
                                                                      
                                                                      
                                                                      
                                                                      
                                                                      
                                                                      
                                                                      
                                                                      
                                                                      
                                                                      
                                                                      
                                                                      
                                                                      
                                                                      
                                                                      
                                                                      
                                                                      
                                                                      
                                                                      
                                                                      
                                                                      
                                                                      
                                                                      
                                                                      
                                                                      
                                                                      
                                                                      
                                                                      
                                                                      
                                                                      
                                                                      
                                                                      
                                                                      
                                                                      
                                                                      
                                                                      
                                                                      
                                                                      
                                                                      
                                                                      
                                                                      
                                                                      
                                                                      
                                                                      
                                                                      
                                                                      
                                                                      
                                                                      
                                                                      
                                                                      
                                                                      
                                                                      
                                                                      
                                                                      
                                                                      
                                                                      
                                                                      
                                                                      
                                                                      
                                                                      
                                                                      
                                                                      
                                                                      
                                                                      
                                                                      
                                                                      
                                                                      
                                                                      
                                                                      
                                                                      
                                                                      
                                                                      
                                                                      
                                                                      
                                                                      
                                                                      
                                                                      
                                                                      
                                                                      
                                                                      
                                                                      
                                                                      
                                                                      
                                                                      
                                                                      
                                                                      
                                                                      
                                                                      
                                                                      
                                                                      
                                                                      
                                                                      
                                                                      
                                                                      
                                                                      
                                                                      
                                                                      
                                                                      
                                                                      
                                                                      
                                                                      
                                                                      
                                                                      
                                                                      
                                                                      
                                                                      
                                                                      
                                                                      
                                                                      
                                                                      
                                                                      
                                                                      
                                                                      
                                                                      
                                                                      
                                                                      
                                                                      
                                                                      
                                                                      
                                                                      
