
% тестовая схема 
f=1000.000000;
p=2*3.14159265358979323j*f;
% Values:
c10=1;
y10=p*c10;
c5=1;
y5=p*c5;
c6=1;
y6=p*c6;
c7=1;
y7=p*c7;
c8=1;
y8=p*c8;
c9=1;
y9=p*c9;
g10=1;
g5=1;
g6=1;
g7=1;
g8=1;
g9=1;

%/R/=0,/g/=6,/C/=6,/L/=0,/G/=0,/K/=0,/B/=0,/H/=0,/N/=0,/M/=0,/Q/=0,/T/=0

detan= 
g5*((((g10+y10))*((g8+y8)*g9)+(y10*((g10+y9))+y9*g10)*((g9+g8+y8)))*( 
((g6+y5))*(y7*g7)+(y5*((g6+y6))+y6*g6)*((g7+y7)))+(g8*(((g10+y10))*   
(y8*g9)+(y10*((g10+y9))+y9*g10)*((g9+y8))))*(y5*((g7+y6+g6))+g6*      
(g7+y6)));

% Length of expression = 209 characters

% END
% .total                                                                      
