% румыны.dag



f=1000.000000;
p=2*3.14159265358979323j*f;
% Values:
E1=1;
g1=1;
g2=1;
g3=1;
g4=1;
g5=1;
g6=1;
g7=1;
g9=1;
c6=1;
y6=p*c6;
c8=1;
y8=p*c8;
g10=1;
g11=1;
g12=1;
g13=1;
g14=1;
g15=1;
g16=1;
g18=1;
c15=1;
y15=p*c15;
c17=1;
y17=p*c17;
g19=1;
g20=1;
g21=1;
g22=1;
g23=1;
g24=1;
g25=1;
g27=1;
c24=1;
y24=p*c24;
c26=1;
y26=p*c26;
g28=1;
g29=1;
g30=1;
g31=1;
g32=1;
g33=1;
g34=1;
g36=1;
c33=1;
y33=p*c33;
c35=1;
y35=p*c35;
g37=1;
g38=1;
g39=1;
g40=1;

%/R/=0,/g/=36,/C/=8,/L/=0,/G/=0,/K/=0,/B/=0,/H/=0,/N/=13,/M/=0,/Q/=0,/T/=0

% Input: E1 (1,0), output: U1 (31,0)

U1 = E1*
(
g1*(g40+g38)*g37*g32*y35*(g36+g31+g29)*g28*g23*y26*                   
(g27+g22+g20)*g19*g14*y17*(g18+g13+g11)*g10*g5*y8*(g9+g4+g2)
)
/
(
(g3+g1)*((g21*(y26*(-(y35*(-((g24+y24)*(g22*(g30+g28)*((g33+y33)*     
(-g31*(g39+g37)*g40)+g32*g29*g37*(g40+g38)))-g23*g20*g28*g32*         
(g39+g37)*g40*(g36+g31+g29)))+g34*g22*(g24+y24)*(g30+g28)*g32*g36*    
(g39+g37)*g40))-g25*g23*g27*(g30+g28)*(y35*(-((g33+y33)*(-g31*        
(g39+g37)*g40)+g32*g29*g37*(g40+g38)))+g34*g32*g36*(g39+g37)*g40)))*  
(y8*(-(y17*(-((g6+y6)*(g4*(g12+g10)*g13*(g15+y15))+g5*g2*g10*g14*     
(g18+g11+g13)))-g16*g4*(g6+y6)*(g12+g10)*g14*g18))-g7*g5*g9*          
(g12+g10)*(y17*(-g13*(g15+y15))-g16*g14*g18))+(g23*y26*(g30+g28)*((   
(g27+g22+g20))*(y35*(-((g33+y33)*(-g31*(g39+g37)*g40)+g32*g29*g37*    
(g40+g38)))+g34*g32*g36*(g39+g37)*g40)))*(g11*g14*y17*g19*((y8*(-g4*  
(g6+y6))-g7*g5*g9)*((g12+g10))))+(y26*(-(y35*(-((g24+y24)*(g22*       
(g30+g28)*((g33+y33)*(-g31*(g39+g37)*g40)+g32*g29*g37*                
(g40+g38)))-g23*g20*g28*g32*(g39+g37)*g40*(g36+g31+g29)))+g34*g22*    
(g24+y24)*(g30+g28)*g32*g36*(g39+g37)*g40))-g25*g23*g27*(g30+g28)*    
(y35*(-((g33+y33)*(-g31*(g39+g37)*g40)+g32*g29*g37*                   
(g40+g38)))+g34*g32*g36*(g39+g37)*g40))*(g19*(y8*(-(y17*(-((g6+y6)*   
(g4*(g12+g10)*g13*(g15+y15))+g5*g2*g10*g14*(g18+g11+g13)))-g16*g4*    
(g6+y6)*(g12+g10)*g14*g18))-g7*g5*g9*(g12+g10)*(y17*(-g13*            
(g15+y15))-g16*g14*g18))))
);

% Length of expression = 1276 characters

% END

% TOTAL                                                                      
